#
# There is insufficient memory for the Java Runtime Environment to continue.
# Native memory allocation (mmap) failed to map 402653184 bytes for G1 virtual space
# Possible reasons:
#   The system is out of physical RAM or swap space
#   The process is running with CompressedOops enabled, and the Java Heap may be blocking the growth of the native heap
# Possible solutions:
#   Reduce memory load on the system
#   Increase physical memory or swap space
#   Check if swap backing store is full
#   Decrease Java heap size (-Xmx/-Xms)
#   Decrease number of Java threads
#   Decrease Java thread stack sizes (-Xss)
#   Set larger code cache with -XX:ReservedCodeCacheSize=
#   JVM is running with Zero Based Compressed Oops mode in which the Java heap is
#     placed in the first 32GB address space. The Java Heap base address is the
#     maximum limit for the native heap growth. Please use -XX:HeapBaseMinAddress
#     to set the Java Heap base and to place the Java Heap above 32GB virtual address.
# This output file may be truncated or incomplete.
#
#  Out of Memory Error (os_windows.cpp:3548), pid=22984, tid=22340
#
# JRE version:  (17.0.5+8) (build )
# Java VM: OpenJDK 64-Bit Server VM (17.0.5+8, mixed mode, sharing, tiered, compressed oops, compressed class ptrs, g1 gc, windows-amd64)
# No core dump will be written. Minidumps are not enabled by default on client versions of Windows
#

---------------  S U M M A R Y ------------

Command Line: -Dfile.encoding=UTF-8 -XX:+ShowCodeDetailsInExceptionMessages com.autovend.software.CustomerIO

Host: AMD Ryzen 5 1400 Quad-Core Processor           , 8 cores, 23G,  Windows 10 , 64 bit Build 19041 (10.0.19041.2546)
Time: Mon Apr 10 14:01:56 2023 Mountain Daylight Time elapsed time: 0.092212 seconds (0d 0h 0m 0s)

---------------  T H R E A D  ---------------

Current thread (0x0000022a8dd8b670):  JavaThread "Unknown thread" [_thread_in_vm, id=22340, stack(0x000000e8bf000000,0x000000e8bf100000)]

Stack: [0x000000e8bf000000,0x000000e8bf100000]
Native frames: (J=compiled Java code, j=interpreted, Vv=VM code, C=native code)
V  [jvm.dll+0x676b3a]
V  [jvm.dll+0x831444]
V  [jvm.dll+0x832bee]
V  [jvm.dll+0x833253]
V  [jvm.dll+0x244ce5]
V  [jvm.dll+0x673a49]
V  [jvm.dll+0x66811a]
V  [jvm.dll+0x303ceb]
V  [jvm.dll+0x30b1e6]
V  [jvm.dll+0x35adbe]
V  [jvm.dll+0x35afef]
V  [jvm.dll+0x2dab88]
V  [jvm.dll+0x2dbaf4]
V  [jvm.dll+0x803121]
V  [jvm.dll+0x368bb1]
V  [jvm.dll+0x7e265c]
V  [jvm.dll+0x3eb17f]
V  [jvm.dll+0x3eccc1]
C  [jli.dll+0x5267]
C  [ucrtbase.dll+0x21bb2]
C  [KERNEL32.DLL+0x17614]
C  [ntdll.dll+0x526a1]


---------------  P R O C E S S  ---------------

Threads class SMR info:
_java_thread_list=0x00007ffd00d42f18, length=0, elements={
}

Java Threads: ( => current thread )

Other Threads:
  0x0000022a8de160e0 GCTaskThread "GC Thread#0" [stack: 0x000000e8bf100000,0x000000e8bf200000] [id=18940]
  0x0000022a8de23770 ConcurrentGCThread "G1 Main Marker" [stack: 0x000000e8bf200000,0x000000e8bf300000] [id=22660]
  0x0000022a8de24180 ConcurrentGCThread "G1 Conc#0" [stack: 0x000000e8bf300000,0x000000e8bf400000] [id=20532]

[error occurred during error reporting (printing all threads), id 0xc0000005, EXCEPTION_ACCESS_VIOLATION (0xc0000005) at pc=0x00007ffd0051b617]

VM state: not at safepoint (not fully initialized)

VM Mutex/Monitor currently owned by a thread:  ([mutex/lock_event])
[0x0000022a8dd87620] Heap_lock - owner thread: 0x0000022a8dd8b670

Heap address: 0x0000000680c00000, size: 6132 MB, Compressed Oops mode: Zero based, Oop shift amount: 3

CDS archive(s) mapped at: [0x0000000000000000-0x0000000000000000-0x0000000000000000), size 0, SharedBaseAddress: 0x0000000800000000, ArchiveRelocationMode: 0.
Narrow klass base: 0x0000000000000000, Narrow klass shift: 0, Narrow klass range: 0x0

GC Precious Log:
<Empty>

Heap:
 garbage-first heap   total 0K, used 0K [0x0000000680c00000, 0x0000000800000000)
  region size 4096K, 0 young (0K), 0 survivors (0K)

[error occurred during error reporting (printing heap information), id 0xc0000005, EXCEPTION_ACCESS_VIOLATION (0xc0000005) at pc=0x00007ffd008ffcb9]

GC Heap History (0 events):
No events

Dll operation events (1 events):
Event: 0.008 Loaded shared library C:\Users\turec\.p2\pool\plugins\org.eclipse.justj.openjdk.hotspot.jre.full.win32.x86_64_17.0.5.v20221102-0933\jre\bin\java.dll

Deoptimization events (0 events):
No events

Classes unloaded (0 events):
No events

Classes redefined (0 events):
No events

Internal exceptions (0 events):
No events

VM Operations (0 events):
No events

Events (0 events):
No events


Dynamic libraries:
0x00007ff67bdd0000 - 0x00007ff67bdde000 	C:\Users\turec\.p2\pool\plugins\org.eclipse.justj.openjdk.hotspot.jre.full.win32.x86_64_17.0.5.v20221102-0933\jre\bin\javaw.exe
0x00007ffd84890000 - 0x00007ffd84a88000 	C:\WINDOWS\SYSTEM32\ntdll.dll
0x00007ffd828e0000 - 0x00007ffd8299f000 	C:\WINDOWS\System32\KERNEL32.DLL
0x00007ffd822f0000 - 0x00007ffd825c2000 	C:\WINDOWS\System32\KERNELBASE.dll
0x00007ffd821f0000 - 0x00007ffd822f0000 	C:\WINDOWS\System32\ucrtbase.dll
0x00007ffd6a680000 - 0x00007ffd6a697000 	C:\Users\turec\.p2\pool\plugins\org.eclipse.justj.openjdk.hotspot.jre.full.win32.x86_64_17.0.5.v20221102-0933\jre\bin\jli.dll
0x00007ffd6b870000 - 0x00007ffd6b889000 	C:\Users\turec\.p2\pool\plugins\org.eclipse.justj.openjdk.hotspot.jre.full.win32.x86_64_17.0.5.v20221102-0933\jre\bin\VCRUNTIME140.dll
0x00007ffd836a0000 - 0x00007ffd83841000 	C:\WINDOWS\System32\USER32.dll
0x00007ffd82820000 - 0x00007ffd82842000 	C:\WINDOWS\System32\win32u.dll
0x00007ffd6bd70000 - 0x00007ffd6c00a000 	C:\WINDOWS\WinSxS\amd64_microsoft.windows.common-controls_6595b64144ccf1df_6.0.19041.1110_none_60b5254171f9507e\COMCTL32.dll
0x00007ffd82d80000 - 0x00007ffd82dab000 	C:\WINDOWS\System32\GDI32.dll
0x00007ffd847b0000 - 0x00007ffd8484e000 	C:\WINDOWS\System32\msvcrt.dll
0x00007ffd820b0000 - 0x00007ffd821bf000 	C:\WINDOWS\System32\gdi32full.dll
0x00007ffd82730000 - 0x00007ffd827cd000 	C:\WINDOWS\System32\msvcp_win.dll
0x00007ffd82ad0000 - 0x00007ffd82b00000 	C:\WINDOWS\System32\IMM32.DLL
0x00007ffd701c0000 - 0x00007ffd701cc000 	C:\Users\turec\.p2\pool\plugins\org.eclipse.justj.openjdk.hotspot.jre.full.win32.x86_64_17.0.5.v20221102-0933\jre\bin\vcruntime140_1.dll
0x00007ffd557c0000 - 0x00007ffd55851000 	C:\Users\turec\.p2\pool\plugins\org.eclipse.justj.openjdk.hotspot.jre.full.win32.x86_64_17.0.5.v20221102-0933\jre\bin\msvcp140.dll
0x00007ffd00230000 - 0x00007ffd00e74000 	C:\Users\turec\.p2\pool\plugins\org.eclipse.justj.openjdk.hotspot.jre.full.win32.x86_64_17.0.5.v20221102-0933\jre\bin\server\jvm.dll
0x00007ffd843a0000 - 0x00007ffd8444e000 	C:\WINDOWS\System32\ADVAPI32.dll
0x00007ffd83440000 - 0x00007ffd834dc000 	C:\WINDOWS\System32\sechost.dll
0x00007ffd82b80000 - 0x00007ffd82ca4000 	C:\WINDOWS\System32\RPCRT4.dll
0x00007ffd7d370000 - 0x00007ffd7d37a000 	C:\WINDOWS\SYSTEM32\VERSION.dll
0x00007ffd791b0000 - 0x00007ffd791d7000 	C:\WINDOWS\SYSTEM32\WINMM.dll
0x00007ffd71390000 - 0x00007ffd71399000 	C:\WINDOWS\SYSTEM32\WSOCK32.dll
0x00007ffd82f00000 - 0x00007ffd82f6b000 	C:\WINDOWS\System32\ws2_32.DLL
0x00007ffd7fe70000 - 0x00007ffd7fe82000 	C:\WINDOWS\SYSTEM32\kernel.appcore.dll
0x00007ffd75020000 - 0x00007ffd7502a000 	C:\Users\turec\.p2\pool\plugins\org.eclipse.justj.openjdk.hotspot.jre.full.win32.x86_64_17.0.5.v20221102-0933\jre\bin\jimage.dll
0x00007ffd7a1d0000 - 0x00007ffd7a3b4000 	C:\WINDOWS\SYSTEM32\DBGHELP.DLL
0x00007ffd6f610000 - 0x00007ffd6f645000 	C:\WINDOWS\SYSTEM32\dbgcore.DLL
0x00007ffd82850000 - 0x00007ffd828d2000 	C:\WINDOWS\System32\bcryptPrimitives.dll
0x00007ffd6a550000 - 0x00007ffd6a575000 	C:\Users\turec\.p2\pool\plugins\org.eclipse.justj.openjdk.hotspot.jre.full.win32.x86_64_17.0.5.v20221102-0933\jre\bin\java.dll

dbghelp: loaded successfully - version: 4.0.5 - missing functions: none
symbol engine: initialized successfully - sym options: 0x614 - pdb path: .;C:\Users\turec\.p2\pool\plugins\org.eclipse.justj.openjdk.hotspot.jre.full.win32.x86_64_17.0.5.v20221102-0933\jre\bin;C:\WINDOWS\SYSTEM32;C:\WINDOWS\WinSxS\amd64_microsoft.windows.common-controls_6595b64144ccf1df_6.0.19041.1110_none_60b5254171f9507e;C:\Users\turec\.p2\pool\plugins\org.eclipse.justj.openjdk.hotspot.jre.full.win32.x86_64_17.0.5.v20221102-0933\jre\bin\server

VM Arguments:
jvm_args: -Dfile.encoding=UTF-8 -XX:+ShowCodeDetailsInExceptionMessages 
java_command: com.autovend.software.CustomerIO
java_class_path (initial): C:\Users\turec\Desktop\I3Project\SENG300-i3\bin;C:\Users\turec\.p2\pool\plugins\org.junit_4.13.2.v20211018-1956.jar;C:\Users\turec\.p2\pool\plugins\org.hamcrest.core_1.3.0.v20180420-1519.jar
Launcher Type: SUN_STANDARD

[Global flags]
     intx CICompilerCount                          = 4                                         {product} {ergonomic}
     uint ConcGCThreads                            = 2                                         {product} {ergonomic}
     uint G1ConcRefinementThreads                  = 8                                         {product} {ergonomic}
   size_t G1HeapRegionSize                         = 4194304                                   {product} {ergonomic}
    uintx GCDrainStackTargetSize                   = 64                                        {product} {ergonomic}
   size_t InitialHeapSize                          = 402653184                                 {product} {ergonomic}
   size_t MarkStackSize                            = 4194304                                   {product} {ergonomic}
   size_t MaxHeapSize                              = 6429868032                                {product} {ergonomic}
   size_t MinHeapDeltaBytes                        = 4194304                                   {product} {ergonomic}
   size_t MinHeapSize                              = 8388608                                   {product} {ergonomic}
    uintx NonNMethodCodeHeapSize                   = 5839372                                {pd product} {ergonomic}
    uintx NonProfiledCodeHeapSize                  = 122909434                              {pd product} {ergonomic}
    uintx ProfiledCodeHeapSize                     = 122909434                              {pd product} {ergonomic}
    uintx ReservedCodeCacheSize                    = 251658240                              {pd product} {ergonomic}
     bool SegmentedCodeCache                       = true                                      {product} {ergonomic}
     bool ShowCodeDetailsInExceptionMessages       = true                                   {manageable} {command line}
   size_t SoftMaxHeapSize                          = 6429868032                             {manageable} {ergonomic}
     bool UseCompressedClassPointers               = true                           {product lp64_product} {ergonomic}
     bool UseCompressedOops                        = true                           {product lp64_product} {ergonomic}
     bool UseG1GC                                  = true                                      {product} {ergonomic}
     bool UseLargePagesIndividualAllocation        = false                                  {pd product} {ergonomic}

Logging:
Log output configuration:
 #0: stdout all=warning uptime,level,tags
 #1: stderr all=off uptime,level,tags

Environment Variables:
JAVA_HOME=C:\Program Files\Java\jdk-11.0.1
PATH=C:/Users/turec/.p2/pool/plugins/org.eclipse.justj.openjdk.hotspot.jre.full.win32.x86_64_17.0.5.v20221102-0933/jre/bin/server;C:/Users/turec/.p2/pool/plugins/org.eclipse.justj.openjdk.hotspot.jre.full.win32.x86_64_17.0.5.v20221102-0933/jre/bin;C:\Python311\Scripts\;C:\Python311\;C:\Python310\Scripts\;C:\Python310\;C:\Program Files (x86)\Razer\ChromaBroadcast\bin;C:\Program Files\Razer\ChromaBroadcast\bin;C:\Program Files\Common Files\Oracle\Java\javapath;C:\Program Files (x86)\Razer Chroma SDK\bin;C:\Program Files\Razer Chroma SDK\bin;C:\Windows\system32;C:\Windows;C:\Windows\System32\Wbem;C:\Windows\System32\WindowsPowerShell\v1.0\;C:\Users\turec\AppData\Local\Microsoft\WindowsApps;C:\WINDOWS\system32;C:\WINDOWS;C:\WINDOWS\System32\Wbem;C:\WINDOWS\System32\WindowsPowerShell\v1.0\;C:\Program Files\dotnet\;C:\Program Files\Microsoft SQL Server\130\Tools\Binn\;C:\WINDOWS\System32\OpenSSH\;C:\Program Files\Git\cmd;C:\Program Files\Java\jdk1.8.0_201;C:\PHP7;C:\Users\turec\AppData\Roaming\Microsoft\Windows\Start Menu\Programs\Python 3.6;C:\Users\turec\Desktop\openjdk-11.0.2_windows-x64_bin\jdk-11.0.2;C:\Program Files\mingw-w64\x86_64-8.1.0-posix-seh-rt_v6-rev0\mingw64\bin;C:\WINDOWS\system32\config\systemprofile\AppData\Local\Microsoft\WindowsApps;C:\Program Files\Java\jdk-11.0.1;C:\Program Files\Microsoft SQL Server\150\Tools\Binn\;C:\Program Files\Microsoft SQL Server\Client SDK\ODBC\170\Tools\Binn\;C:\ProgramData\chocolatey\bin;C:\Program Files\nodejs\;C:\Program Files\MySQL\MySQL Shell 8.0\bin\;C:\Users\turec\AppData\Local\Programs\Python\Python37-32\Scripts\;C:\Users\turec\AppData\Local\Programs\Python\Python37-32\;C:\Users\turec\AppData\Local\Programs\Microsoft VS Code\bin;C:\Users\turec\AppData\Local\GitHubDesktop\bin;C:\Users\turec\AppData\Local\Microsoft\WindowsApps;C:\Program Files\Java\jdk-11.0.1;C:\AppServ\Apache24\bin;C:\AppServ\php7;C:\AppServ\MySQL\bin;C:\Users\turec\.dotnet\tools;C:\Users\turec\AppData\Roaming\npm;C:\Users\turec\AppData\Roaming\TinyTeX\b
USERNAME=turec
OS=Windows_NT
PROCESSOR_IDENTIFIER=AMD64 Family 23 Model 1 Stepping 1, AuthenticAMD
TMP=C:\Users\turec\AppData\Local\Temp
TEMP=C:\Users\turec\AppData\Local\Temp



---------------  S Y S T E M  ---------------

OS:
 Windows 10 , 64 bit Build 19041 (10.0.19041.2546)
OS uptime: 14 days 2:05 hours

CPU: total 8 (initial active 8) (8 cores per cpu, 2 threads per core) family 23 model 1 stepping 1 microcode 0x0, cx8, cmov, fxsr, ht, mmx, 3dnowpref, sse, sse2, sse3, ssse3, sse4a, sse4.1, sse4.2, popcnt, lzcnt, tsc, tscinvbit, avx, avx2, aes, clmul, bmi1, bmi2, adx, sha, fma, vzeroupper, clflush, clflushopt

Memory: 4k page, system-wide physical 24523M (12917M free)
TotalPageFile size 27160M (AvailPageFile size 180M)
current process WorkingSet (physical memory assigned to process): 10M, peak: 10M
current process commit charge ("private bytes"): 60M, peak: 444M

vm_info: OpenJDK 64-Bit Server VM (17.0.5+8) for windows-amd64 JRE (17.0.5+8), built on Oct 19 2022 04:48:13 by "temurin" with MS VC++ 16.7 (VS2019)

END.
